<?xml version="1.0" encoding="UTF-8"?>
<coverage generated="1775931782546" clover="3.2.0">
  <project timestamp="1775931782546" name="All files">
    <metrics statements="209" coveredstatements="207" conditionals="122" coveredconditionals="98" methods="45" coveredmethods="45" elements="376" coveredelements="350" complexity="0" loc="209" ncloc="209" packages="1" files="3" classes="3"/>
    <file name="calculator.js" path="/home/runner/work/vc/vc/products/crypto_tax_serverless/src/calculator.js">
      <metrics statements="100" coveredstatements="99" conditionals="46" coveredconditionals="37" methods="28" coveredmethods="28"/>
      <line num="40" count="2" type="stmt"/>
      <line num="42" count="2" type="stmt"/>
      <line num="44" count="2" type="stmt"/>
      <line num="83" count="2" type="stmt"/>
      <line num="131" count="67" type="stmt"/>
      <line num="132" count="67" type="stmt"/>
      <line num="133" count="67" type="stmt"/>
      <line num="134" count="67" type="stmt"/>
      <line num="138" count="51" type="cond" truecount="1" falsecount="1"/>
      <line num="139" count="51" type="stmt"/>
      <line num="159" count="43" type="stmt"/>
      <line num="160" count="43" type="stmt"/>
      <line num="161" count="43" type="stmt"/>
      <line num="162" count="43" type="stmt"/>
      <line num="163" count="43" type="stmt"/>
      <line num="164" count="43" type="stmt"/>
      <line num="165" count="43" type="stmt"/>
      <line num="166" count="43" type="stmt"/>
      <line num="167" count="43" type="stmt"/>
      <line num="168" count="43" type="stmt"/>
      <line num="177" count="9" type="stmt"/>
      <line num="178" count="9" type="stmt"/>
      <line num="179" count="9" type="stmt"/>
      <line num="180" count="9" type="stmt"/>
      <line num="181" count="9" type="stmt"/>
      <line num="190" count="43" type="stmt"/>
      <line num="191" count="43" type="stmt"/>
      <line num="195" count="24" type="stmt"/>
      <line num="196" count="28" type="stmt"/>
      <line num="197" count="12" type="stmt"/>
      <line num="201" count="24" type="stmt"/>
      <line num="202" count="28" type="stmt"/>
      <line num="203" count="16" type="stmt"/>
      <line num="207" count="4" type="stmt"/>
      <line num="211" count="19" type="stmt"/>
      <line num="219" count="48" type="stmt"/>
      <line num="226" count="46" type="stmt"/>
      <line num="234" count="47" type="stmt"/>
      <line num="235" count="47" type="stmt"/>
      <line num="239" count="67" type="stmt"/>
      <line num="243" count="57" type="stmt"/>
      <line num="244" count="41" type="cond" truecount="2" falsecount="0"/>
      <line num="245" count="33" type="stmt"/>
      <line num="247" count="8" type="cond" truecount="2" falsecount="0"/>
      <line num="248" count="4" type="stmt"/>
      <line num="250" count="4" type="cond" truecount="1" falsecount="1"/>
      <line num="251" count="4" type="stmt"/>
      <line num="253" count="0" type="stmt"/>
      <line num="264" count="41" type="stmt"/>
      <line num="265" count="41" type="stmt"/>
      <line num="266" count="41" type="stmt"/>
      <line num="268" count="41" type="stmt"/>
      <line num="269" count="57" type="cond" truecount="2" falsecount="0"/>
      <line num="271" count="43" type="stmt"/>
      <line num="272" count="43" type="cond" truecount="1" falsecount="1"/>
      <line num="273" count="43" type="stmt"/>
      <line num="274" count="43" type="stmt"/>
      <line num="276" count="43" type="stmt"/>
      <line num="291" count="43" type="stmt"/>
      <line num="292" count="43" type="stmt"/>
      <line num="293" count="43" type="stmt"/>
      <line num="296" count="41" type="stmt"/>
      <line num="301" count="138" type="stmt"/>
      <line num="312" count="44" type="stmt"/>
      <line num="313" count="44" type="cond" truecount="2" falsecount="0"/>
      <line num="314" count="1" type="stmt"/>
      <line num="317" count="43" type="stmt"/>
      <line num="320" count="43" type="stmt"/>
      <line num="321" count="43" type="stmt"/>
      <line num="322" count="108" type="cond" truecount="2" falsecount="0"/>
      <line num="323" count="108" type="stmt"/>
      <line num="327" count="73" type="stmt"/>
      <line num="329" count="43" type="stmt"/>
      <line num="330" count="107" type="stmt"/>
      <line num="331" count="107" type="stmt"/>
      <line num="332" count="107" type="stmt"/>
      <line num="333" count="107" type="stmt"/>
      <line num="334" count="107" type="cond" truecount="1" falsecount="1"/>
      <line num="337" count="107" type="cond" truecount="2" falsecount="0"/>
      <line num="338" count="9" type="cond" truecount="1" falsecount="1"/>
      <line num="339" count="9" type="stmt"/>
      <line num="349" count="9" type="cond" truecount="3" falsecount="1"/>
      <line num="350" count="9" type="stmt"/>
      <line num="359" count="9" type="stmt"/>
      <line num="363" count="98" type="cond" truecount="2" falsecount="0"/>
      <line num="364" count="55" type="stmt"/>
      <line num="365" count="55" type="cond" truecount="3" falsecount="1"/>
      <line num="366" count="55" type="stmt"/>
      <line num="375" count="55" type="stmt"/>
      <line num="379" count="43" type="cond" truecount="2" falsecount="0"/>
      <line num="380" count="41" type="stmt"/>
      <line num="381" count="41" type="stmt"/>
      <line num="383" count="41" type="stmt"/>
      <line num="390" count="41" type="stmt"/>
      <line num="394" count="41" type="cond" truecount="5" falsecount="0"/>
      <line num="395" count="3" type="stmt"/>
      <line num="404" count="41" type="stmt"/>
      <line num="410" count="43" type="stmt"/>
      <line num="414" count="2" type="cond" truecount="3" falsecount="1"/>
      <line num="415" count="2" type="stmt"/>
    </file>
    <file name="exporter.js" path="/home/runner/work/vc/vc/products/crypto_tax_serverless/src/exporter.js">
      <metrics statements="27" coveredstatements="27" conditionals="13" coveredconditionals="11" methods="7" coveredmethods="7"/>
      <line num="25" count="1" type="stmt"/>
      <line num="33" count="14" type="stmt"/>
      <line num="34" count="14" type="stmt"/>
      <line num="35" count="14" type="stmt"/>
      <line num="36" count="14" type="stmt"/>
      <line num="45" count="122" type="stmt"/>
      <line num="46" count="122" type="cond" truecount="5" falsecount="0"/>
      <line num="47" count="4" type="stmt"/>
      <line num="49" count="118" type="stmt"/>
      <line num="58" count="20" type="stmt"/>
      <line num="69" count="6" type="stmt"/>
      <line num="81" count="6" type="stmt"/>
      <line num="82" count="5" type="stmt"/>
      <line num="83" count="5" type="stmt"/>
      <line num="96" count="6" type="stmt"/>
      <line num="99" count="6" type="stmt"/>
      <line num="109" count="6" type="stmt"/>
      <line num="110" count="1" type="stmt"/>
      <line num="121" count="6" type="stmt"/>
      <line num="123" count="6" type="stmt"/>
      <line num="134" count="2" type="stmt"/>
      <line num="149" count="2" type="stmt"/>
      <line num="154" count="6" type="stmt"/>
      <line num="158" count="8" type="cond" truecount="1" falsecount="1"/>
      <line num="159" count="8" type="stmt"/>
      <line num="163" count="1" type="cond" truecount="3" falsecount="1"/>
      <line num="164" count="1" type="stmt"/>
    </file>
    <file name="parser.js" path="/home/runner/work/vc/vc/products/crypto_tax_serverless/src/parser.js">
      <metrics statements="82" coveredstatements="81" conditionals="63" coveredconditionals="50" methods="10" coveredmethods="10"/>
      <line num="23" count="3" type="stmt"/>
      <line num="33" count="3" type="stmt"/>
      <line num="51" count="3" type="stmt"/>
      <line num="83" count="104" type="stmt"/>
      <line num="84" count="104" type="stmt"/>
      <line num="85" count="104" type="stmt"/>
      <line num="86" count="104" type="stmt"/>
      <line num="87" count="104" type="stmt"/>
      <line num="88" count="104" type="stmt"/>
      <line num="89" count="104" type="stmt"/>
      <line num="90" count="104" type="stmt"/>
      <line num="91" count="104" type="stmt"/>
      <line num="92" count="104" type="stmt"/>
      <line num="97" count="49" type="cond" truecount="2" falsecount="0"/>
      <line num="98" count="46" type="cond" truecount="2" falsecount="0"/>
      <line num="99" count="35" type="stmt"/>
      <line num="101" count="11" type="stmt"/>
      <line num="103" count="3" type="stmt"/>
      <line num="108" count="113" type="stmt"/>
      <line num="116" count="98" type="stmt"/>
      <line num="123" count="98" type="stmt"/>
      <line num="130" count="3" type="stmt"/>
      <line num="145" count="41" type="stmt"/>
      <line num="148" count="41" type="stmt"/>
      <line num="149" count="41" type="cond" truecount="2" falsecount="0"/>
      <line num="150" count="39" type="stmt"/>
      <line num="154" count="2" type="stmt"/>
      <line num="155" count="2" type="cond" truecount="2" falsecount="0"/>
      <line num="156" count="1" type="stmt"/>
      <line num="160" count="1" type="stmt"/>
      <line num="161" count="1" type="cond" truecount="1" falsecount="1"/>
      <line num="163" count="1" type="stmt"/>
      <line num="172" count="150" type="cond" truecount="2" falsecount="0"/>
      <line num="173" count="121" type="stmt"/>
      <line num="174" count="121" type="cond" truecount="4" falsecount="0"/>
      <line num="175" count="120" type="stmt"/>
      <line num="176" count="120" type="cond" truecount="1" falsecount="1"/>
      <line num="187" count="10" type="cond" truecount="2" falsecount="0"/>
      <line num="188" count="1" type="stmt"/>
      <line num="191" count="10" type="stmt"/>
      <line num="192" count="10" type="cond" truecount="1" falsecount="1"/>
      <line num="195" count="100" type="stmt"/>
      <line num="197" count="10" type="stmt"/>
      <line num="199" count="10" type="stmt"/>
      <line num="200" count="49" type="stmt"/>
      <line num="201" count="49" type="cond" truecount="2" falsecount="0"/>
      <line num="203" count="36" type="stmt"/>
      <line num="204" count="36" type="stmt"/>
      <line num="205" count="36" type="stmt"/>
      <line num="206" count="360" type="cond" truecount="1" falsecount="1"/>
      <line num="209" count="36" type="stmt"/>
      <line num="210" count="36" type="cond" truecount="1" falsecount="1"/>
      <line num="211" count="36" type="cond" truecount="1" falsecount="1"/>
      <line num="212" count="36" type="cond" truecount="1" falsecount="1"/>
      <line num="213" count="36" type="cond" truecount="4" falsecount="0"/>
      <line num="214" count="36" type="stmt"/>
      <line num="215" count="36" type="cond" truecount="1" falsecount="1"/>
      <line num="216" count="36" type="cond" truecount="1" falsecount="1"/>
      <line num="217" count="36" type="stmt"/>
      <line num="218" count="36" type="cond" truecount="1" falsecount="1"/>
      <line num="219" count="36" type="cond" truecount="1" falsecount="1"/>
      <line num="221" count="36" type="stmt"/>
      <line num="236" count="0" type="stmt"/>
      <line num="240" count="10" type="stmt"/>
      <line num="249" count="51" type="stmt"/>
      <line num="250" count="51" type="stmt"/>
      <line num="251" count="51" type="stmt"/>
      <line num="253" count="51" type="stmt"/>
      <line num="254" count="4273" type="stmt"/>
      <line num="255" count="4273" type="cond" truecount="2" falsecount="0"/>
      <line num="256" count="6" type="cond" truecount="4" falsecount="0"/>
      <line num="257" count="2" type="stmt"/>
      <line num="258" count="2" type="stmt"/>
      <line num="260" count="4" type="stmt"/>
      <line num="262" count="4267" type="cond" truecount="4" falsecount="0"/>
      <line num="263" count="423" type="stmt"/>
      <line num="264" count="423" type="stmt"/>
      <line num="266" count="3844" type="stmt"/>
      <line num="269" count="51" type="stmt"/>
      <line num="270" count="51" type="stmt"/>
      <line num="274" count="3" type="cond" truecount="3" falsecount="1"/>
      <line num="275" count="3" type="stmt"/>
    </file>
  </project>
</coverage>
