{"/home/runner/work/vc/vc/products/crypto_tax_serverless/src/calculator.js": {"path":"/home/runner/work/vc/vc/products/crypto_tax_serverless/src/calculator.js","statementMap":{"0":{"start":{"line":40,"column":23},"end":{"line":40,"column":26}},"1":{"start":{"line":42,"column":22},"end":{"line":42,"column":46}},"2":{"start":{"line":44,"column":28},"end":{"line":81,"column":1}},"3":{"start":{"line":83,"column":18},"end":{"line":124,"column":1}},"4":{"start":{"line":131,"column":4},"end":{"line":131,"column":29}},"5":{"start":{"line":132,"column":4},"end":{"line":132,"column":29}},"6":{"start":{"line":133,"column":4},"end":{"line":133,"column":29}},"7":{"start":{"line":134,"column":4},"end":{"line":134,"column":37}},"8":{"start":{"line":138,"column":4},"end":{"line":138,"column":38}},"9":{"start":{"line":138,"column":29},"end":{"line":138,"column":38}},"10":{"start":{"line":139,"column":4},"end":{"line":139,"column":45}},"11":{"start":{"line":159,"column":4},"end":{"line":159,"column":29}},"12":{"start":{"line":160,"column":4},"end":{"line":160,"column":35}},"13":{"start":{"line":161,"column":4},"end":{"line":161,"column":37}},"14":{"start":{"line":162,"column":4},"end":{"line":162,"column":29}},"15":{"start":{"line":163,"column":4},"end":{"line":163,"column":29}},"16":{"start":{"line":164,"column":4},"end":{"line":164,"column":35}},"17":{"start":{"line":165,"column":4},"end":{"line":165,"column":37}},"18":{"start":{"line":166,"column":4},"end":{"line":166,"column":35}},"19":{"start":{"line":167,"column":4},"end":{"line":167,"column":33}},"20":{"start":{"line":168,"column":4},"end":{"line":168,"column":31}},"21":{"start":{"line":177,"column":4},"end":{"line":177,"column":29}},"22":{"start":{"line":178,"column":4},"end":{"line":178,"column":35}},"23":{"start":{"line":179,"column":4},"end":{"line":179,"column":37}},"24":{"start":{"line":180,"column":4},"end":{"line":180,"column":29}},"25":{"start":{"line":181,"column":4},"end":{"line":181,"column":49}},"26":{"start":{"line":190,"column":4},"end":{"line":190,"column":24}},"27":{"start":{"line":191,"column":4},"end":{"line":191,"column":27}},"28":{"start":{"line":195,"column":4},"end":{"line":197,"column":50}},"29":{"start":{"line":196,"column":21},"end":{"line":196,"column":34}},"30":{"start":{"line":197,"column":26},"end":{"line":197,"column":45}},"31":{"start":{"line":201,"column":4},"end":{"line":203,"column":50}},"32":{"start":{"line":202,"column":21},"end":{"line":202,"column":33}},"33":{"start":{"line":203,"column":26},"end":{"line":203,"column":45}},"34":{"start":{"line":207,"column":4},"end":{"line":207,"column":79}},"35":{"start":{"line":207,"column":48},"end":{"line":207,"column":74}},"36":{"start":{"line":211,"column":4},"end":{"line":211,"column":68}},"37":{"start":{"line":219,"column":2},"end":{"line":219,"column":83}},"38":{"start":{"line":226,"column":2},"end":{"line":226,"column":51}},"39":{"start":{"line":234,"column":4},"end":{"line":234,"column":39}},"40":{"start":{"line":235,"column":4},"end":{"line":235,"column":20}},"41":{"start":{"line":239,"column":4},"end":{"line":239,"column":25}},"42":{"start":{"line":243,"column":19},"end":{"line":243,"column":59}},"43":{"start":{"line":243,"column":44},"end":{"line":243,"column":58}},"44":{"start":{"line":244,"column":4},"end":{"line":246,"column":5}},"45":{"start":{"line":245,"column":6},"end":{"line":245,"column":68}},"46":{"start":{"line":245,"column":43},"end":{"line":245,"column":66}},"47":{"start":{"line":247,"column":4},"end":{"line":249,"column":5}},"48":{"start":{"line":248,"column":6},"end":{"line":248,"column":68}},"49":{"start":{"line":248,"column":43},"end":{"line":248,"column":66}},"50":{"start":{"line":250,"column":4},"end":{"line":252,"column":5}},"51":{"start":{"line":251,"column":6},"end":{"line":251,"column":68}},"52":{"start":{"line":251,"column":43},"end":{"line":251,"column":66}},"53":{"start":{"line":253,"column":4},"end":{"line":253,"column":54}},"54":{"start":{"line":264,"column":20},"end":{"line":264,"column":28}},"55":{"start":{"line":265,"column":22},"end":{"line":265,"column":24}},"56":{"start":{"line":266,"column":20},"end":{"line":266,"column":39}},"57":{"start":{"line":268,"column":4},"end":{"line":294,"column":5}},"58":{"start":{"line":269,"column":6},"end":{"line":269,"column":32}},"59":{"start":{"line":269,"column":26},"end":{"line":269,"column":32}},"60":{"start":{"line":271,"column":23},"end":{"line":271,"column":56}},"61":{"start":{"line":272,"column":27},"end":{"line":272,"column":68}},"62":{"start":{"line":273,"column":26},"end":{"line":273,"column":49}},"63":{"start":{"line":274,"column":22},"end":{"line":274,"column":45}},"64":{"start":{"line":276,"column":6},"end":{"line":289,"column":8}},"65":{"start":{"line":291,"column":6},"end":{"line":291,"column":31}},"66":{"start":{"line":292,"column":6},"end":{"line":292,"column":34}},"67":{"start":{"line":293,"column":6},"end":{"line":293,"column":28}},"68":{"start":{"line":296,"column":4},"end":{"line":296,"column":47}},"69":{"start":{"line":301,"column":2},"end":{"line":301,"column":35}},"70":{"start":{"line":312,"column":2},"end":{"line":312,"column":32}},"71":{"start":{"line":313,"column":2},"end":{"line":315,"column":3}},"72":{"start":{"line":314,"column":4},"end":{"line":314,"column":90}},"73":{"start":{"line":317,"column":17},"end":{"line":317,"column":32}},"74":{"start":{"line":320,"column":16},"end":{"line":320,"column":18}},"75":{"start":{"line":321,"column":18},"end":{"line":324,"column":3}},"76":{"start":{"line":322,"column":4},"end":{"line":322,"column":64}},"77":{"start":{"line":322,"column":26},"end":{"line":322,"column":64}},"78":{"start":{"line":323,"column":4},"end":{"line":323,"column":27}},"79":{"start":{"line":327,"column":18},"end":{"line":327,"column":80}},"80":{"start":{"line":327,"column":54},"end":{"line":327,"column":79}},"81":{"start":{"line":329,"column":2},"end":{"line":408,"column":3}},"82":{"start":{"line":330,"column":21},"end":{"line":330,"column":32}},"83":{"start":{"line":331,"column":19},"end":{"line":331,"column":28}},"84":{"start":{"line":332,"column":16},"end":{"line":332,"column":44}},"85":{"start":{"line":333,"column":15},"end":{"line":333,"column":27}},"86":{"start":{"line":334,"column":17},"end":{"line":334,"column":53}},"87":{"start":{"line":337,"column":4},"end":{"line":360,"column":5}},"88":{"start":{"line":338,"column":24},"end":{"line":338,"column":41}},"89":{"start":{"line":339,"column":6},"end":{"line":347,"column":8}},"90":{"start":{"line":349,"column":6},"end":{"line":358,"column":7}},"91":{"start":{"line":350,"column":8},"end":{"line":357,"column":10}},"92":{"start":{"line":359,"column":6},"end":{"line":359,"column":15}},"93":{"start":{"line":363,"column":4},"end":{"line":376,"column":5}},"94":{"start":{"line":364,"column":19},"end":{"line":364,"column":22}},"95":{"start":{"line":365,"column":6},"end":{"line":374,"column":7}},"96":{"start":{"line":366,"column":8},"end":{"line":373,"column":10}},"97":{"start":{"line":375,"column":6},"end":{"line":375,"column":15}},"98":{"start":{"line":379,"column":4},"end":{"line":405,"column":5}},"99":{"start":{"line":380,"column":26},"end":{"line":380,"column":42}},"100":{"start":{"line":381,"column":23},"end":{"line":381,"column":26}},"101":{"start":{"line":383,"column":28},"end":{"line":389,"column":8}},"102":{"start":{"line":390,"column":6},"end":{"line":390,"column":42}},"103":{"start":{"line":394,"column":6},"end":{"line":403,"column":7}},"104":{"start":{"line":395,"column":8},"end":{"line":402,"column":10}},"105":{"start":{"line":404,"column":6},"end":{"line":404,"column":15}},"106":{"start":{"line":410,"column":2},"end":{"line":410,"column":16}},"107":{"start":{"line":414,"column":0},"end":{"line":428,"column":1}},"108":{"start":{"line":415,"column":2},"end":{"line":427,"column":4}}},"fnMap":{"0":{"name":"(anonymous_0)","decl":{"start":{"line":130,"column":2},"end":{"line":130,"column":3}},"loc":{"start":{"line":130,"column":62},"end":{"line":135,"column":3}},"line":130},"1":{"name":"(anonymous_1)","decl":{"start":{"line":137,"column":2},"end":{"line":137,"column":3}},"loc":{"start":{"line":137,"column":17},"end":{"line":140,"column":3}},"line":137},"2":{"name":"(anonymous_2)","decl":{"start":{"line":147,"column":2},"end":{"line":147,"column":3}},"loc":{"start":{"line":158,"column":5},"end":{"line":169,"column":3}},"line":158},"3":{"name":"(anonymous_3)","decl":{"start":{"line":176,"column":2},"end":{"line":176,"column":3}},"loc":{"start":{"line":176,"column":85},"end":{"line":182,"column":3}},"line":176},"4":{"name":"(anonymous_4)","decl":{"start":{"line":189,"column":2},"end":{"line":189,"column":3}},"loc":{"start":{"line":189,"column":16},"end":{"line":192,"column":3}},"line":189},"5":{"name":"(anonymous_5)","decl":{"start":{"line":194,"column":2},"end":{"line":194,"column":3}},"loc":{"start":{"line":194,"column":31},"end":{"line":198,"column":3}},"line":194},"6":{"name":"(anonymous_6)","decl":{"start":{"line":196,"column":14},"end":{"line":196,"column":15}},"loc":{"start":{"line":196,"column":21},"end":{"line":196,"column":34}},"line":196},"7":{"name":"(anonymous_7)","decl":{"start":{"line":197,"column":14},"end":{"line":197,"column":15}},"loc":{"start":{"line":197,"column":26},"end":{"line":197,"column":45}},"line":197},"8":{"name":"(anonymous_8)","decl":{"start":{"line":200,"column":2},"end":{"line":200,"column":3}},"loc":{"start":{"line":200,"column":30},"end":{"line":204,"column":3}},"line":200},"9":{"name":"(anonymous_9)","decl":{"start":{"line":202,"column":14},"end":{"line":202,"column":15}},"loc":{"start":{"line":202,"column":21},"end":{"line":202,"column":33}},"line":202},"10":{"name":"(anonymous_10)","decl":{"start":{"line":203,"column":14},"end":{"line":203,"column":15}},"loc":{"start":{"line":203,"column":26},"end":{"line":203,"column":45}},"line":203},"11":{"name":"(anonymous_11)","decl":{"start":{"line":206,"column":2},"end":{"line":206,"column":3}},"loc":{"start":{"line":206,"column":28},"end":{"line":208,"column":3}},"line":206},"12":{"name":"(anonymous_12)","decl":{"start":{"line":207,"column":36},"end":{"line":207,"column":37}},"loc":{"start":{"line":207,"column":48},"end":{"line":207,"column":74}},"line":207},"13":{"name":"(anonymous_13)","decl":{"start":{"line":210,"column":2},"end":{"line":210,"column":3}},"loc":{"start":{"line":210,"column":22},"end":{"line":212,"column":3}},"line":210},"14":{"name":"daysDiff","decl":{"start":{"line":218,"column":9},"end":{"line":218,"column":17}},"loc":{"start":{"line":218,"column":34},"end":{"line":220,"column":1}},"line":218},"15":{"name":"isLongTerm","decl":{"start":{"line":225,"column":9},"end":{"line":225,"column":19}},"loc":{"start":{"line":225,"column":36},"end":{"line":227,"column":1}},"line":225},"16":{"name":"(anonymous_16)","decl":{"start":{"line":233,"column":2},"end":{"line":233,"column":3}},"loc":{"start":{"line":233,"column":22},"end":{"line":236,"column":3}},"line":233},"17":{"name":"(anonymous_17)","decl":{"start":{"line":238,"column":2},"end":{"line":238,"column":3}},"loc":{"start":{"line":238,"column":11},"end":{"line":240,"column":3}},"line":238},"18":{"name":"(anonymous_18)","decl":{"start":{"line":242,"column":2},"end":{"line":242,"column":3}},"loc":{"start":{"line":242,"column":17},"end":{"line":254,"column":3}},"line":242},"19":{"name":"(anonymous_19)","decl":{"start":{"line":243,"column":37},"end":{"line":243,"column":38}},"loc":{"start":{"line":243,"column":44},"end":{"line":243,"column":58}},"line":243},"20":{"name":"(anonymous_20)","decl":{"start":{"line":245,"column":33},"end":{"line":245,"column":34}},"loc":{"start":{"line":245,"column":43},"end":{"line":245,"column":66}},"line":245},"21":{"name":"(anonymous_21)","decl":{"start":{"line":248,"column":33},"end":{"line":248,"column":34}},"loc":{"start":{"line":248,"column":43},"end":{"line":248,"column":66}},"line":248},"22":{"name":"(anonymous_22)","decl":{"start":{"line":251,"column":33},"end":{"line":251,"column":34}},"loc":{"start":{"line":251,"column":43},"end":{"line":251,"column":66}},"line":251},"23":{"name":"(anonymous_23)","decl":{"start":{"line":263,"column":2},"end":{"line":263,"column":3}},"loc":{"start":{"line":263,"column":71},"end":{"line":297,"column":3}},"line":263},"24":{"name":"round8","decl":{"start":{"line":300,"column":9},"end":{"line":300,"column":15}},"loc":{"start":{"line":300,"column":19},"end":{"line":302,"column":1}},"line":300},"25":{"name":"calculateTaxes","decl":{"start":{"line":311,"column":9},"end":{"line":311,"column":23}},"loc":{"start":{"line":311,"column":55},"end":{"line":411,"column":1}},"line":311},"26":{"name":"(anonymous_26)","decl":{"start":{"line":321,"column":18},"end":{"line":321,"column":19}},"loc":{"start":{"line":321,"column":32},"end":{"line":324,"column":3}},"line":321},"27":{"name":"(anonymous_27)","decl":{"start":{"line":327,"column":44},"end":{"line":327,"column":45}},"loc":{"start":{"line":327,"column":54},"end":{"line":327,"column":79}},"line":327}},"branchMap":{"0":{"loc":{"start":{"line":138,"column":4},"end":{"line":138,"column":38}},"type":"if","locations":[{"start":{"line":138,"column":4},"end":{"line":138,"column":38}},{"start":{},"end":{}}],"line":138},"1":{"loc":{"start":{"line":244,"column":4},"end":{"line":246,"column":5}},"type":"if","locations":[{"start":{"line":244,"column":4},"end":{"line":246,"column":5}},{"start":{},"end":{}}],"line":244},"2":{"loc":{"start":{"line":247,"column":4},"end":{"line":249,"column":5}},"type":"if","locations":[{"start":{"line":247,"column":4},"end":{"line":249,"column":5}},{"start":{},"end":{}}],"line":247},"3":{"loc":{"start":{"line":250,"column":4},"end":{"line":252,"column":5}},"type":"if","locations":[{"start":{"line":250,"column":4},"end":{"line":252,"column":5}},{"start":{},"end":{}}],"line":250},"4":{"loc":{"start":{"line":269,"column":6},"end":{"line":269,"column":32}},"type":"if","locations":[{"start":{"line":269,"column":6},"end":{"line":269,"column":32}},{"start":{},"end":{}}],"line":269},"5":{"loc":{"start":{"line":272,"column":27},"end":{"line":272,"column":68}},"type":"cond-expr","locations":[{"start":{"line":272,"column":42},"end":{"line":272,"column":64}},{"start":{"line":272,"column":67},"end":{"line":272,"column":68}}],"line":272},"6":{"loc":{"start":{"line":311,"column":38},"end":{"line":311,"column":53}},"type":"default-arg","locations":[{"start":{"line":311,"column":47},"end":{"line":311,"column":53}}],"line":311},"7":{"loc":{"start":{"line":313,"column":2},"end":{"line":315,"column":3}},"type":"if","locations":[{"start":{"line":313,"column":2},"end":{"line":315,"column":3}},{"start":{},"end":{}}],"line":313},"8":{"loc":{"start":{"line":322,"column":4},"end":{"line":322,"column":64}},"type":"if","locations":[{"start":{"line":322,"column":4},"end":{"line":322,"column":64}},{"start":{},"end":{}}],"line":322},"9":{"loc":{"start":{"line":334,"column":17},"end":{"line":334,"column":53}},"type":"binary-expr","locations":[{"start":{"line":334,"column":17},"end":{"line":334,"column":31}},{"start":{"line":334,"column":35},"end":{"line":334,"column":53}}],"line":334},"10":{"loc":{"start":{"line":337,"column":4},"end":{"line":360,"column":5}},"type":"if","locations":[{"start":{"line":337,"column":4},"end":{"line":360,"column":5}},{"start":{},"end":{}}],"line":337},"11":{"loc":{"start":{"line":338,"column":24},"end":{"line":338,"column":41}},"type":"cond-expr","locations":[{"start":{"line":338,"column":34},"end":{"line":338,"column":37}},{"start":{"line":338,"column":40},"end":{"line":338,"column":41}}],"line":338},"12":{"loc":{"start":{"line":349,"column":6},"end":{"line":358,"column":7}},"type":"if","locations":[{"start":{"line":349,"column":6},"end":{"line":358,"column":7}},{"start":{},"end":{}}],"line":349},"13":{"loc":{"start":{"line":349,"column":10},"end":{"line":349,"column":47}},"type":"binary-expr","locations":[{"start":{"line":349,"column":10},"end":{"line":349,"column":30}},{"start":{"line":349,"column":34},"end":{"line":349,"column":47}}],"line":349},"14":{"loc":{"start":{"line":363,"column":4},"end":{"line":376,"column":5}},"type":"if","locations":[{"start":{"line":363,"column":4},"end":{"line":376,"column":5}},{"start":{},"end":{}}],"line":363},"15":{"loc":{"start":{"line":365,"column":6},"end":{"line":374,"column":7}},"type":"if","locations":[{"start":{"line":365,"column":6},"end":{"line":374,"column":7}},{"start":{},"end":{}}],"line":365},"16":{"loc":{"start":{"line":365,"column":10},"end":{"line":365,"column":33}},"type":"binary-expr","locations":[{"start":{"line":365,"column":10},"end":{"line":365,"column":20}},{"start":{"line":365,"column":24},"end":{"line":365,"column":33}}],"line":365},"17":{"loc":{"start":{"line":379,"column":4},"end":{"line":405,"column":5}},"type":"if","locations":[{"start":{"line":379,"column":4},"end":{"line":405,"column":5}},{"start":{},"end":{}}],"line":379},"18":{"loc":{"start":{"line":388,"column":19},"end":{"line":388,"column":54}},"type":"cond-expr","locations":[{"start":{"line":388,"column":35},"end":{"line":388,"column":45}},{"start":{"line":388,"column":48},"end":{"line":388,"column":54}}],"line":388},"19":{"loc":{"start":{"line":394,"column":6},"end":{"line":403,"column":7}},"type":"if","locations":[{"start":{"line":394,"column":6},"end":{"line":403,"column":7}},{"start":{},"end":{}}],"line":394},"20":{"loc":{"start":{"line":394,"column":10},"end":{"line":394,"column":67}},"type":"binary-expr","locations":[{"start":{"line":394,"column":10},"end":{"line":394,"column":23}},{"start":{"line":394,"column":27},"end":{"line":394,"column":38}},{"start":{"line":394,"column":42},"end":{"line":394,"column":67}}],"line":394},"21":{"loc":{"start":{"line":414,"column":0},"end":{"line":428,"column":1}},"type":"if","locations":[{"start":{"line":414,"column":0},"end":{"line":428,"column":1}},{"start":{},"end":{}}],"line":414},"22":{"loc":{"start":{"line":414,"column":4},"end":{"line":414,"column":51}},"type":"binary-expr","locations":[{"start":{"line":414,"column":4},"end":{"line":414,"column":33}},{"start":{"line":414,"column":37},"end":{"line":414,"column":51}}],"line":414}},"s":{"0":2,"1":2,"2":2,"3":2,"4":67,"5":67,"6":67,"7":67,"8":51,"9":0,"10":51,"11":43,"12":43,"13":43,"14":43,"15":43,"16":43,"17":43,"18":43,"19":43,"20":43,"21":9,"22":9,"23":9,"24":9,"25":9,"26":43,"27":43,"28":24,"29":28,"30":12,"31":24,"32":28,"33":16,"34":4,"35":4,"36":19,"37":48,"38":46,"39":47,"40":47,"41":67,"42":41,"43":57,"44":41,"45":33,"46":8,"47":8,"48":4,"49":4,"50":4,"51":4,"52":4,"53":0,"54":41,"55":41,"56":41,"57":41,"58":57,"59":14,"60":43,"61":43,"62":43,"63":43,"64":43,"65":43,"66":43,"67":43,"68":41,"69":138,"70":44,"71":44,"72":1,"73":43,"74":43,"75":43,"76":108,"77":47,"78":108,"79":43,"80":73,"81":43,"82":107,"83":107,"84":107,"85":107,"86":107,"87":107,"88":9,"89":9,"90":9,"91":9,"92":9,"93":98,"94":55,"95":55,"96":55,"97":55,"98":43,"99":41,"100":41,"101":41,"102":41,"103":41,"104":3,"105":41,"106":43,"107":2,"108":2},"f":{"0":67,"1":51,"2":43,"3":9,"4":43,"5":24,"6":28,"7":12,"8":24,"9":28,"10":16,"11":4,"12":4,"13":19,"14":48,"15":46,"16":47,"17":67,"18":41,"19":57,"20":8,"21":4,"22":4,"23":41,"24":138,"25":44,"26":108,"27":73},"b":{"0":[0,51],"1":[33,8],"2":[4,4],"3":[4,0],"4":[14,43],"5":[43,0],"6":[0],"7":[1,43],"8":[47,61],"9":[107,0],"10":[9,98],"11":[9,0],"12":[9,0],"13":[9,9],"14":[55,43],"15":[55,0],"16":[55,55],"17":[41,2],"18":[3,38],"19":[3,38],"20":[41,3,3],"21":[2,0],"22":[2,2]},"_coverageSchema":"1a1c01bbd47fc00a2c39e90264f33305004495a9","hash":"bdcba7c6b5b10abe9d0e4c066b53ad5e8e4870f1"}
,"/home/runner/work/vc/vc/products/crypto_tax_serverless/src/exporter.js": {"path":"/home/runner/work/vc/vc/products/crypto_tax_serverless/src/exporter.js","statementMap":{"0":{"start":{"line":25,"column":22},"end":{"line":25,"column":75}},"1":{"start":{"line":33,"column":13},"end":{"line":33,"column":60}},"2":{"start":{"line":34,"column":13},"end":{"line":34,"column":55}},"3":{"start":{"line":35,"column":15},"end":{"line":35,"column":36}},"4":{"start":{"line":36,"column":2},"end":{"line":36,"column":31}},"5":{"start":{"line":45,"column":12},"end":{"line":45,"column":23}},"6":{"start":{"line":46,"column":2},"end":{"line":48,"column":3}},"7":{"start":{"line":47,"column":4},"end":{"line":47,"column":40}},"8":{"start":{"line":49,"column":2},"end":{"line":49,"column":11}},"9":{"start":{"line":58,"column":2},"end":{"line":58,"column":41}},"10":{"start":{"line":69,"column":17},"end":{"line":79,"column":3}},"11":{"start":{"line":81,"column":2},"end":{"line":94,"column":3}},"12":{"start":{"line":82,"column":23},"end":{"line":82,"column":64}},"13":{"start":{"line":83,"column":4},"end":{"line":93,"column":6}},"14":{"start":{"line":96,"column":26},"end":{"line":96,"column":50}},"15":{"start":{"line":99,"column":18},"end":{"line":107,"column":3}},"16":{"start":{"line":109,"column":2},"end":{"line":119,"column":3}},"17":{"start":{"line":110,"column":4},"end":{"line":118,"column":6}},"18":{"start":{"line":121,"column":20},"end":{"line":121,"column":45}},"19":{"start":{"line":123,"column":2},"end":{"line":123,"column":40}},"20":{"start":{"line":134,"column":16},"end":{"line":148,"column":3}},"21":{"start":{"line":149,"column":2},"end":{"line":149,"column":26}},"22":{"start":{"line":154,"column":2},"end":{"line":154,"column":51}},"23":{"start":{"line":158,"column":15},"end":{"line":158,"column":36}},"24":{"start":{"line":159,"column":2},"end":{"line":159,"column":50}},"25":{"start":{"line":163,"column":0},"end":{"line":165,"column":1}},"26":{"start":{"line":164,"column":2},"end":{"line":164,"column":90}}},"fnMap":{"0":{"name":"formatDate","decl":{"start":{"line":32,"column":9},"end":{"line":32,"column":19}},"loc":{"start":{"line":32,"column":26},"end":{"line":37,"column":1}},"line":32},"1":{"name":"csvEscape","decl":{"start":{"line":44,"column":9},"end":{"line":44,"column":18}},"loc":{"start":{"line":44,"column":24},"end":{"line":50,"column":1}},"line":44},"2":{"name":"csvRow","decl":{"start":{"line":57,"column":9},"end":{"line":57,"column":15}},"loc":{"start":{"line":57,"column":24},"end":{"line":59,"column":1}},"line":57},"3":{"name":"exportTurboTaxCsv","decl":{"start":{"line":67,"column":9},"end":{"line":67,"column":26}},"loc":{"start":{"line":67,"column":35},"end":{"line":124,"column":1}},"line":67},"4":{"name":"exportSummaryTxt","decl":{"start":{"line":133,"column":9},"end":{"line":133,"column":25}},"loc":{"start":{"line":133,"column":42},"end":{"line":150,"column":1}},"line":133},"5":{"name":"fmtQty","decl":{"start":{"line":152,"column":9},"end":{"line":152,"column":15}},"loc":{"start":{"line":152,"column":21},"end":{"line":155,"column":1}},"line":152},"6":{"name":"fmtUsd","decl":{"start":{"line":157,"column":9},"end":{"line":157,"column":15}},"loc":{"start":{"line":157,"column":24},"end":{"line":160,"column":1}},"line":157}},"branchMap":{"0":{"loc":{"start":{"line":46,"column":2},"end":{"line":48,"column":3}},"type":"if","locations":[{"start":{"line":46,"column":2},"end":{"line":48,"column":3}},{"start":{},"end":{}}],"line":46},"1":{"loc":{"start":{"line":46,"column":6},"end":{"line":46,"column":60}},"type":"binary-expr","locations":[{"start":{"line":46,"column":6},"end":{"line":46,"column":21}},{"start":{"line":46,"column":25},"end":{"line":46,"column":40}},{"start":{"line":46,"column":44},"end":{"line":46,"column":60}}],"line":46},"2":{"loc":{"start":{"line":91,"column":8},"end":{"line":91,"column":51}},"type":"cond-expr","locations":[{"start":{"line":91,"column":25},"end":{"line":91,"column":36}},{"start":{"line":91,"column":39},"end":{"line":91,"column":51}}],"line":91},"3":{"loc":{"start":{"line":158,"column":15},"end":{"line":158,"column":36}},"type":"cond-expr","locations":[{"start":{"line":158,"column":28},"end":{"line":158,"column":31}},{"start":{"line":158,"column":34},"end":{"line":158,"column":36}}],"line":158},"4":{"loc":{"start":{"line":163,"column":0},"end":{"line":165,"column":1}},"type":"if","locations":[{"start":{"line":163,"column":0},"end":{"line":165,"column":1}},{"start":{},"end":{}}],"line":163},"5":{"loc":{"start":{"line":163,"column":4},"end":{"line":163,"column":51}},"type":"binary-expr","locations":[{"start":{"line":163,"column":4},"end":{"line":163,"column":33}},{"start":{"line":163,"column":37},"end":{"line":163,"column":51}}],"line":163}},"s":{"0":1,"1":14,"2":14,"3":14,"4":14,"5":122,"6":122,"7":4,"8":118,"9":20,"10":6,"11":6,"12":5,"13":5,"14":6,"15":6,"16":6,"17":1,"18":6,"19":6,"20":2,"21":2,"22":6,"23":8,"24":8,"25":1,"26":1},"f":{"0":14,"1":122,"2":20,"3":6,"4":2,"5":6,"6":8},"b":{"0":[4,118],"1":[122,120,119],"2":[3,2],"3":[0,8],"4":[1,0],"5":[1,1]},"_coverageSchema":"1a1c01bbd47fc00a2c39e90264f33305004495a9","hash":"5a8c47cc0bf51eabfbc2b94b6b00ac4156d06fa0"}
,"/home/runner/work/vc/vc/products/crypto_tax_serverless/src/parser.js": {"path":"/home/runner/work/vc/vc/products/crypto_tax_serverless/src/parser.js","statementMap":{"0":{"start":{"line":23,"column":19},"end":{"line":30,"column":2}},"1":{"start":{"line":33,"column":21},"end":{"line":48,"column":2}},"2":{"start":{"line":51,"column":22},"end":{"line":65,"column":2}},"3":{"start":{"line":83,"column":4},"end":{"line":83,"column":31}},"4":{"start":{"line":84,"column":4},"end":{"line":84,"column":35}},"5":{"start":{"line":85,"column":4},"end":{"line":85,"column":29}},"6":{"start":{"line":86,"column":4},"end":{"line":86,"column":25}},"7":{"start":{"line":87,"column":4},"end":{"line":87,"column":33}},"8":{"start":{"line":88,"column":4},"end":{"line":88,"column":29}},"9":{"start":{"line":89,"column":4},"end":{"line":89,"column":41}},"10":{"start":{"line":90,"column":4},"end":{"line":90,"column":37}},"11":{"start":{"line":91,"column":4},"end":{"line":91,"column":43}},"12":{"start":{"line":92,"column":4},"end":{"line":92,"column":43}},"13":{"start":{"line":97,"column":4},"end":{"line":102,"column":5}},"14":{"start":{"line":98,"column":6},"end":{"line":100,"column":7}},"15":{"start":{"line":99,"column":8},"end":{"line":99,"column":31}},"16":{"start":{"line":101,"column":6},"end":{"line":101,"column":18}},"17":{"start":{"line":103,"column":4},"end":{"line":103,"column":17}},"18":{"start":{"line":108,"column":4},"end":{"line":108,"column":50}},"19":{"start":{"line":116,"column":29},"end":{"line":122,"column":6}},"20":{"start":{"line":123,"column":4},"end":{"line":126,"column":6}},"21":{"start":{"line":130,"column":26},"end":{"line":137,"column":1}},"22":{"start":{"line":145,"column":2},"end":{"line":145,"column":19}},"23":{"start":{"line":148,"column":10},"end":{"line":148,"column":75}},"24":{"start":{"line":149,"column":2},"end":{"line":151,"column":3}},"25":{"start":{"line":150,"column":4},"end":{"line":150,"column":76}},"26":{"start":{"line":154,"column":2},"end":{"line":154,"column":63}},"27":{"start":{"line":155,"column":2},"end":{"line":157,"column":3}},"28":{"start":{"line":156,"column":4},"end":{"line":156,"column":72}},"29":{"start":{"line":160,"column":12},"end":{"line":160,"column":25}},"30":{"start":{"line":161,"column":2},"end":{"line":161,"column":36}},"31":{"start":{"line":161,"column":27},"end":{"line":161,"column":36}},"32":{"start":{"line":163,"column":2},"end":{"line":163,"column":59}},"33":{"start":{"line":172,"column":2},"end":{"line":172,"column":24}},"34":{"start":{"line":172,"column":12},"end":{"line":172,"column":24}},"35":{"start":{"line":173,"column":18},"end":{"line":173,"column":46}},"36":{"start":{"line":174,"column":2},"end":{"line":174,"column":53}},"37":{"start":{"line":174,"column":41},"end":{"line":174,"column":53}},"38":{"start":{"line":175,"column":12},"end":{"line":175,"column":31}},"39":{"start":{"line":176,"column":2},"end":{"line":176,"column":29}},"40":{"start":{"line":187,"column":2},"end":{"line":189,"column":3}},"41":{"start":{"line":188,"column":4},"end":{"line":188,"column":37}},"42":{"start":{"line":191,"column":16},"end":{"line":191,"column":41}},"43":{"start":{"line":192,"column":2},"end":{"line":192,"column":34}},"44":{"start":{"line":192,"column":24},"end":{"line":192,"column":34}},"45":{"start":{"line":195,"column":18},"end":{"line":195,"column":61}},"46":{"start":{"line":195,"column":52},"end":{"line":195,"column":60}},"47":{"start":{"line":197,"column":23},"end":{"line":197,"column":25}},"48":{"start":{"line":199,"column":2},"end":{"line":238,"column":3}},"49":{"start":{"line":199,"column":15},"end":{"line":199,"column":16}},"50":{"start":{"line":200,"column":17},"end":{"line":200,"column":32}},"51":{"start":{"line":201,"column":4},"end":{"line":201,"column":24}},"52":{"start":{"line":201,"column":15},"end":{"line":201,"column":24}},"53":{"start":{"line":203,"column":19},"end":{"line":203,"column":37}},"54":{"start":{"line":204,"column":16},"end":{"line":204,"column":18}},"55":{"start":{"line":205,"column":4},"end":{"line":207,"column":7}},"56":{"start":{"line":206,"column":6},"end":{"line":206,"column":60}},"57":{"start":{"line":209,"column":4},"end":{"line":237,"column":5}},"58":{"start":{"line":210,"column":24},"end":{"line":210,"column":68}},"59":{"start":{"line":211,"column":23},"end":{"line":211,"column":53}},"60":{"start":{"line":212,"column":21},"end":{"line":212,"column":52}},"61":{"start":{"line":213,"column":25},"end":{"line":213,"column":66}},"62":{"start":{"line":214,"column":23},"end":{"line":214,"column":52}},"63":{"start":{"line":215,"column":29},"end":{"line":215,"column":69}},"64":{"start":{"line":216,"column":27},"end":{"line":216,"column":65}},"65":{"start":{"line":217,"column":22},"end":{"line":217,"column":64}},"66":{"start":{"line":218,"column":6},"end":{"line":218,"column":55}},"67":{"start":{"line":218,"column":30},"end":{"line":218,"column":55}},"68":{"start":{"line":219,"column":19},"end":{"line":219,"column":57}},"69":{"start":{"line":221,"column":6},"end":{"line":234,"column":8}},"70":{"start":{"line":236,"column":6},"end":{"line":236,"column":58}},"71":{"start":{"line":240,"column":2},"end":{"line":240,"column":22}},"72":{"start":{"line":249,"column":17},"end":{"line":249,"column":19}},"73":{"start":{"line":250,"column":16},"end":{"line":250,"column":18}},"74":{"start":{"line":251,"column":17},"end":{"line":251,"column":22}},"75":{"start":{"line":253,"column":2},"end":{"line":268,"column":3}},"76":{"start":{"line":253,"column":15},"end":{"line":253,"column":16}},"77":{"start":{"line":254,"column":15},"end":{"line":254,"column":22}},"78":{"start":{"line":255,"column":4},"end":{"line":267,"column":5}},"79":{"start":{"line":256,"column":6},"end":{"line":261,"column":7}},"80":{"start":{"line":257,"column":8},"end":{"line":257,"column":23}},"81":{"start":{"line":258,"column":8},"end":{"line":258,"column":12}},"82":{"start":{"line":260,"column":8},"end":{"line":260,"column":29}},"83":{"start":{"line":262,"column":11},"end":{"line":267,"column":5}},"84":{"start":{"line":263,"column":6},"end":{"line":263,"column":27}},"85":{"start":{"line":264,"column":6},"end":{"line":264,"column":19}},"86":{"start":{"line":266,"column":6},"end":{"line":266,"column":20}},"87":{"start":{"line":269,"column":2},"end":{"line":269,"column":23}},"88":{"start":{"line":270,"column":2},"end":{"line":270,"column":16}},"89":{"start":{"line":274,"column":0},"end":{"line":285,"column":1}},"90":{"start":{"line":275,"column":2},"end":{"line":284,"column":4}}},"fnMap":{"0":{"name":"(anonymous_0)","decl":{"start":{"line":71,"column":2},"end":{"line":71,"column":3}},"loc":{"start":{"line":82,"column":5},"end":{"line":93,"column":3}},"line":82},"1":{"name":"(anonymous_1)","decl":{"start":{"line":96,"column":2},"end":{"line":96,"column":3}},"loc":{"start":{"line":96,"column":15},"end":{"line":104,"column":3}},"line":96},"2":{"name":"(anonymous_2)","decl":{"start":{"line":107,"column":2},"end":{"line":107,"column":3}},"loc":{"start":{"line":107,"column":17},"end":{"line":109,"column":3}},"line":107},"3":{"name":"(anonymous_3)","decl":{"start":{"line":115,"column":2},"end":{"line":115,"column":3}},"loc":{"start":{"line":115,"column":22},"end":{"line":127,"column":3}},"line":115},"4":{"name":"parseTimestamp","decl":{"start":{"line":144,"column":9},"end":{"line":144,"column":23}},"loc":{"start":{"line":144,"column":29},"end":{"line":164,"column":1}},"line":144},"5":{"name":"parseFloat_","decl":{"start":{"line":171,"column":9},"end":{"line":171,"column":20}},"loc":{"start":{"line":171,"column":26},"end":{"line":177,"column":1}},"line":171},"6":{"name":"parseCsv","decl":{"start":{"line":185,"column":9},"end":{"line":185,"column":17}},"loc":{"start":{"line":185,"column":30},"end":{"line":241,"column":1}},"line":185},"7":{"name":"(anonymous_7)","decl":{"start":{"line":195,"column":45},"end":{"line":195,"column":46}},"loc":{"start":{"line":195,"column":52},"end":{"line":195,"column":60}},"line":195},"8":{"name":"(anonymous_8)","decl":{"start":{"line":205,"column":20},"end":{"line":205,"column":21}},"loc":{"start":{"line":205,"column":32},"end":{"line":207,"column":5}},"line":205},"9":{"name":"splitCsvLine","decl":{"start":{"line":248,"column":9},"end":{"line":248,"column":21}},"loc":{"start":{"line":248,"column":28},"end":{"line":271,"column":1}},"line":248}},"branchMap":{"0":{"loc":{"start":{"line":97,"column":4},"end":{"line":102,"column":5}},"type":"if","locations":[{"start":{"line":97,"column":4},"end":{"line":102,"column":5}},{"start":{},"end":{}}],"line":97},"1":{"loc":{"start":{"line":98,"column":6},"end":{"line":100,"column":7}},"type":"if","locations":[{"start":{"line":98,"column":6},"end":{"line":100,"column":7}},{"start":{},"end":{}}],"line":98},"2":{"loc":{"start":{"line":124,"column":6},"end":{"line":125,"column":67}},"type":"binary-expr","locations":[{"start":{"line":124,"column":6},"end":{"line":124,"column":21}},{"start":{"line":125,"column":7},"end":{"line":125,"column":49}},{"start":{"line":125,"column":53},"end":{"line":125,"column":66}}],"line":124},"3":{"loc":{"start":{"line":149,"column":2},"end":{"line":151,"column":3}},"type":"if","locations":[{"start":{"line":149,"column":2},"end":{"line":151,"column":3}},{"start":{},"end":{}}],"line":149},"4":{"loc":{"start":{"line":155,"column":2},"end":{"line":157,"column":3}},"type":"if","locations":[{"start":{"line":155,"column":2},"end":{"line":157,"column":3}},{"start":{},"end":{}}],"line":155},"5":{"loc":{"start":{"line":161,"column":2},"end":{"line":161,"column":36}},"type":"if","locations":[{"start":{"line":161,"column":2},"end":{"line":161,"column":36}},{"start":{},"end":{}}],"line":161},"6":{"loc":{"start":{"line":172,"column":2},"end":{"line":172,"column":24}},"type":"if","locations":[{"start":{"line":172,"column":2},"end":{"line":172,"column":24}},{"start":{},"end":{}}],"line":172},"7":{"loc":{"start":{"line":174,"column":2},"end":{"line":174,"column":53}},"type":"if","locations":[{"start":{"line":174,"column":2},"end":{"line":174,"column":53}},{"start":{},"end":{}}],"line":174},"8":{"loc":{"start":{"line":174,"column":6},"end":{"line":174,"column":39}},"type":"binary-expr","locations":[{"start":{"line":174,"column":6},"end":{"line":174,"column":20}},{"start":{"line":174,"column":24},"end":{"line":174,"column":39}}],"line":174},"9":{"loc":{"start":{"line":176,"column":9},"end":{"line":176,"column":28}},"type":"cond-expr","locations":[{"start":{"line":176,"column":20},"end":{"line":176,"column":24}},{"start":{"line":176,"column":27},"end":{"line":176,"column":28}}],"line":176},"10":{"loc":{"start":{"line":187,"column":2},"end":{"line":189,"column":3}},"type":"if","locations":[{"start":{"line":187,"column":2},"end":{"line":189,"column":3}},{"start":{},"end":{}}],"line":187},"11":{"loc":{"start":{"line":192,"column":2},"end":{"line":192,"column":34}},"type":"if","locations":[{"start":{"line":192,"column":2},"end":{"line":192,"column":34}},{"start":{},"end":{}}],"line":192},"12":{"loc":{"start":{"line":201,"column":4},"end":{"line":201,"column":24}},"type":"if","locations":[{"start":{"line":201,"column":4},"end":{"line":201,"column":24}},{"start":{},"end":{}}],"line":201},"13":{"loc":{"start":{"line":206,"column":15},"end":{"line":206,"column":59}},"type":"cond-expr","locations":[{"start":{"line":206,"column":43},"end":{"line":206,"column":54}},{"start":{"line":206,"column":57},"end":{"line":206,"column":59}}],"line":206},"14":{"loc":{"start":{"line":210,"column":39},"end":{"line":210,"column":67}},"type":"binary-expr","locations":[{"start":{"line":210,"column":39},"end":{"line":210,"column":61}},{"start":{"line":210,"column":65},"end":{"line":210,"column":67}}],"line":210},"15":{"loc":{"start":{"line":211,"column":24},"end":{"line":211,"column":45}},"type":"binary-expr","locations":[{"start":{"line":211,"column":24},"end":{"line":211,"column":39}},{"start":{"line":211,"column":43},"end":{"line":211,"column":45}}],"line":211},"16":{"loc":{"start":{"line":212,"column":21},"end":{"line":212,"column":52}},"type":"binary-expr","locations":[{"start":{"line":212,"column":21},"end":{"line":212,"column":47}},{"start":{"line":212,"column":51},"end":{"line":212,"column":52}}],"line":212},"17":{"loc":{"start":{"line":213,"column":25},"end":{"line":213,"column":66}},"type":"binary-expr","locations":[{"start":{"line":213,"column":25},"end":{"line":213,"column":58}},{"start":{"line":213,"column":62},"end":{"line":213,"column":66}}],"line":213},"18":{"loc":{"start":{"line":213,"column":26},"end":{"line":213,"column":50}},"type":"binary-expr","locations":[{"start":{"line":213,"column":26},"end":{"line":213,"column":44}},{"start":{"line":213,"column":48},"end":{"line":213,"column":50}}],"line":213},"19":{"loc":{"start":{"line":215,"column":30},"end":{"line":215,"column":61}},"type":"binary-expr","locations":[{"start":{"line":215,"column":30},"end":{"line":215,"column":52}},{"start":{"line":215,"column":56},"end":{"line":215,"column":61}}],"line":215},"20":{"loc":{"start":{"line":216,"column":27},"end":{"line":216,"column":65}},"type":"binary-expr","locations":[{"start":{"line":216,"column":27},"end":{"line":216,"column":60}},{"start":{"line":216,"column":64},"end":{"line":216,"column":65}}],"line":216},"21":{"loc":{"start":{"line":218,"column":6},"end":{"line":218,"column":55}},"type":"if","locations":[{"start":{"line":218,"column":6},"end":{"line":218,"column":55}},{"start":{},"end":{}}],"line":218},"22":{"loc":{"start":{"line":219,"column":20},"end":{"line":219,"column":49}},"type":"binary-expr","locations":[{"start":{"line":219,"column":20},"end":{"line":219,"column":43}},{"start":{"line":219,"column":47},"end":{"line":219,"column":49}}],"line":219},"23":{"loc":{"start":{"line":224,"column":24},"end":{"line":224,"column":60}},"type":"binary-expr","locations":[{"start":{"line":224,"column":24},"end":{"line":224,"column":54}},{"start":{"line":224,"column":58},"end":{"line":224,"column":60}}],"line":224},"24":{"loc":{"start":{"line":255,"column":4},"end":{"line":267,"column":5}},"type":"if","locations":[{"start":{"line":255,"column":4},"end":{"line":267,"column":5}},{"start":{"line":262,"column":11},"end":{"line":267,"column":5}}],"line":255},"25":{"loc":{"start":{"line":256,"column":6},"end":{"line":261,"column":7}},"type":"if","locations":[{"start":{"line":256,"column":6},"end":{"line":261,"column":7}},{"start":{"line":259,"column":13},"end":{"line":261,"column":7}}],"line":256},"26":{"loc":{"start":{"line":256,"column":10},"end":{"line":256,"column":41}},"type":"binary-expr","locations":[{"start":{"line":256,"column":10},"end":{"line":256,"column":18}},{"start":{"line":256,"column":22},"end":{"line":256,"column":41}}],"line":256},"27":{"loc":{"start":{"line":262,"column":11},"end":{"line":267,"column":5}},"type":"if","locations":[{"start":{"line":262,"column":11},"end":{"line":267,"column":5}},{"start":{"line":265,"column":11},"end":{"line":267,"column":5}}],"line":262},"28":{"loc":{"start":{"line":262,"column":15},"end":{"line":262,"column":38}},"type":"binary-expr","locations":[{"start":{"line":262,"column":15},"end":{"line":262,"column":25}},{"start":{"line":262,"column":29},"end":{"line":262,"column":38}}],"line":262},"29":{"loc":{"start":{"line":274,"column":0},"end":{"line":285,"column":1}},"type":"if","locations":[{"start":{"line":274,"column":0},"end":{"line":285,"column":1}},{"start":{},"end":{}}],"line":274},"30":{"loc":{"start":{"line":274,"column":4},"end":{"line":274,"column":51}},"type":"binary-expr","locations":[{"start":{"line":274,"column":4},"end":{"line":274,"column":33}},{"start":{"line":274,"column":37},"end":{"line":274,"column":51}}],"line":274}},"s":{"0":3,"1":3,"2":3,"3":104,"4":104,"5":104,"6":104,"7":104,"8":104,"9":104,"10":104,"11":104,"12":104,"13":49,"14":46,"15":35,"16":11,"17":3,"18":113,"19":98,"20":98,"21":3,"22":41,"23":41,"24":41,"25":39,"26":2,"27":2,"28":1,"29":1,"30":1,"31":0,"32":1,"33":150,"34":29,"35":121,"36":121,"37":1,"38":120,"39":120,"40":10,"41":1,"42":10,"43":10,"44":0,"45":10,"46":100,"47":10,"48":10,"49":10,"50":49,"51":49,"52":13,"53":36,"54":36,"55":36,"56":360,"57":36,"58":36,"59":36,"60":36,"61":36,"62":36,"63":36,"64":36,"65":36,"66":36,"67":0,"68":36,"69":36,"70":0,"71":10,"72":51,"73":51,"74":51,"75":51,"76":51,"77":4273,"78":4273,"79":6,"80":2,"81":2,"82":4,"83":4267,"84":423,"85":423,"86":3844,"87":51,"88":51,"89":3,"90":3},"f":{"0":104,"1":49,"2":113,"3":98,"4":41,"5":150,"6":10,"7":100,"8":360,"9":51},"b":{"0":[46,3],"1":[35,11],"2":[98,56,1],"3":[39,2],"4":[1,1],"5":[0,1],"6":[29,121],"7":[1,120],"8":[121,121],"9":[0,120],"10":[1,9],"11":[0,10],"12":[13,36],"13":[360,0],"14":[36,0],"15":[36,0],"16":[36,0],"17":[36,27],"18":[36,27],"19":[36,0],"20":[36,0],"21":[0,36],"22":[36,0],"23":[36,0],"24":[6,4267],"25":[2,4],"26":[6,4],"27":[423,3844],"28":[4267,424],"29":[3,0],"30":[3,3]},"_coverageSchema":"1a1c01bbd47fc00a2c39e90264f33305004495a9","hash":"e8915b530654f03cc74bc31bf8b521689a22f3c5"}
}
