TN:
SF:src/calculator.js
FN:130,(anonymous_0)
FN:137,(anonymous_1)
FN:147,(anonymous_2)
FN:176,(anonymous_3)
FN:189,(anonymous_4)
FN:194,(anonymous_5)
FN:196,(anonymous_6)
FN:197,(anonymous_7)
FN:200,(anonymous_8)
FN:202,(anonymous_9)
FN:203,(anonymous_10)
FN:206,(anonymous_11)
FN:207,(anonymous_12)
FN:210,(anonymous_13)
FN:218,daysDiff
FN:225,isLongTerm
FN:233,(anonymous_16)
FN:238,(anonymous_17)
FN:242,(anonymous_18)
FN:243,(anonymous_19)
FN:245,(anonymous_20)
FN:248,(anonymous_21)
FN:251,(anonymous_22)
FN:263,(anonymous_23)
FN:300,round8
FN:311,calculateTaxes
FN:321,(anonymous_26)
FN:327,(anonymous_27)
FNF:28
FNH:28
FNDA:67,(anonymous_0)
FNDA:51,(anonymous_1)
FNDA:43,(anonymous_2)
FNDA:9,(anonymous_3)
FNDA:43,(anonymous_4)
FNDA:24,(anonymous_5)
FNDA:28,(anonymous_6)
FNDA:12,(anonymous_7)
FNDA:24,(anonymous_8)
FNDA:28,(anonymous_9)
FNDA:16,(anonymous_10)
FNDA:4,(anonymous_11)
FNDA:4,(anonymous_12)
FNDA:19,(anonymous_13)
FNDA:48,daysDiff
FNDA:46,isLongTerm
FNDA:47,(anonymous_16)
FNDA:67,(anonymous_17)
FNDA:41,(anonymous_18)
FNDA:57,(anonymous_19)
FNDA:8,(anonymous_20)
FNDA:4,(anonymous_21)
FNDA:4,(anonymous_22)
FNDA:41,(anonymous_23)
FNDA:138,round8
FNDA:44,calculateTaxes
FNDA:108,(anonymous_26)
FNDA:73,(anonymous_27)
DA:40,2
DA:42,2
DA:44,2
DA:83,2
DA:131,67
DA:132,67
DA:133,67
DA:134,67
DA:138,51
DA:139,51
DA:159,43
DA:160,43
DA:161,43
DA:162,43
DA:163,43
DA:164,43
DA:165,43
DA:166,43
DA:167,43
DA:168,43
DA:177,9
DA:178,9
DA:179,9
DA:180,9
DA:181,9
DA:190,43
DA:191,43
DA:195,24
DA:196,28
DA:197,12
DA:201,24
DA:202,28
DA:203,16
DA:207,4
DA:211,19
DA:219,48
DA:226,46
DA:234,47
DA:235,47
DA:239,67
DA:243,57
DA:244,41
DA:245,33
DA:247,8
DA:248,4
DA:250,4
DA:251,4
DA:253,0
DA:264,41
DA:265,41
DA:266,41
DA:268,41
DA:269,57
DA:271,43
DA:272,43
DA:273,43
DA:274,43
DA:276,43
DA:291,43
DA:292,43
DA:293,43
DA:296,41
DA:301,138
DA:312,44
DA:313,44
DA:314,1
DA:317,43
DA:320,43
DA:321,43
DA:322,108
DA:323,108
DA:327,73
DA:329,43
DA:330,107
DA:331,107
DA:332,107
DA:333,107
DA:334,107
DA:337,107
DA:338,9
DA:339,9
DA:349,9
DA:350,9
DA:359,9
DA:363,98
DA:364,55
DA:365,55
DA:366,55
DA:375,55
DA:379,43
DA:380,41
DA:381,41
DA:383,41
DA:390,41
DA:394,41
DA:395,3
DA:404,41
DA:410,43
DA:414,2
DA:415,2
LF:100
LH:99
BRDA:138,0,0,0
BRDA:138,0,1,51
BRDA:244,1,0,33
BRDA:244,1,1,8
BRDA:247,2,0,4
BRDA:247,2,1,4
BRDA:250,3,0,4
BRDA:250,3,1,0
BRDA:269,4,0,14
BRDA:269,4,1,43
BRDA:272,5,0,43
BRDA:272,5,1,0
BRDA:311,6,0,0
BRDA:313,7,0,1
BRDA:313,7,1,43
BRDA:322,8,0,47
BRDA:322,8,1,61
BRDA:334,9,0,107
BRDA:334,9,1,0
BRDA:337,10,0,9
BRDA:337,10,1,98
BRDA:338,11,0,9
BRDA:338,11,1,0
BRDA:349,12,0,9
BRDA:349,12,1,0
BRDA:349,13,0,9
BRDA:349,13,1,9
BRDA:363,14,0,55
BRDA:363,14,1,43
BRDA:365,15,0,55
BRDA:365,15,1,0
BRDA:365,16,0,55
BRDA:365,16,1,55
BRDA:379,17,0,41
BRDA:379,17,1,2
BRDA:388,18,0,3
BRDA:388,18,1,38
BRDA:394,19,0,3
BRDA:394,19,1,38
BRDA:394,20,0,41
BRDA:394,20,1,3
BRDA:394,20,2,3
BRDA:414,21,0,2
BRDA:414,21,1,0
BRDA:414,22,0,2
BRDA:414,22,1,2
BRF:46
BRH:37
end_of_record
TN:
SF:src/exporter.js
FN:32,formatDate
FN:44,csvEscape
FN:57,csvRow
FN:67,exportTurboTaxCsv
FN:133,exportSummaryTxt
FN:152,fmtQty
FN:157,fmtUsd
FNF:7
FNH:7
FNDA:14,formatDate
FNDA:122,csvEscape
FNDA:20,csvRow
FNDA:6,exportTurboTaxCsv
FNDA:2,exportSummaryTxt
FNDA:6,fmtQty
FNDA:8,fmtUsd
DA:25,1
DA:33,14
DA:34,14
DA:35,14
DA:36,14
DA:45,122
DA:46,122
DA:47,4
DA:49,118
DA:58,20
DA:69,6
DA:81,6
DA:82,5
DA:83,5
DA:96,6
DA:99,6
DA:109,6
DA:110,1
DA:121,6
DA:123,6
DA:134,2
DA:149,2
DA:154,6
DA:158,8
DA:159,8
DA:163,1
DA:164,1
LF:27
LH:27
BRDA:46,0,0,4
BRDA:46,0,1,118
BRDA:46,1,0,122
BRDA:46,1,1,120
BRDA:46,1,2,119
BRDA:91,2,0,3
BRDA:91,2,1,2
BRDA:158,3,0,0
BRDA:158,3,1,8
BRDA:163,4,0,1
BRDA:163,4,1,0
BRDA:163,5,0,1
BRDA:163,5,1,1
BRF:13
BRH:11
end_of_record
TN:
SF:src/parser.js
FN:71,(anonymous_0)
FN:96,(anonymous_1)
FN:107,(anonymous_2)
FN:115,(anonymous_3)
FN:144,parseTimestamp
FN:171,parseFloat_
FN:185,parseCsv
FN:195,(anonymous_7)
FN:205,(anonymous_8)
FN:248,splitCsvLine
FNF:10
FNH:10
FNDA:104,(anonymous_0)
FNDA:49,(anonymous_1)
FNDA:113,(anonymous_2)
FNDA:98,(anonymous_3)
FNDA:41,parseTimestamp
FNDA:150,parseFloat_
FNDA:10,parseCsv
FNDA:100,(anonymous_7)
FNDA:360,(anonymous_8)
FNDA:51,splitCsvLine
DA:23,3
DA:33,3
DA:51,3
DA:83,104
DA:84,104
DA:85,104
DA:86,104
DA:87,104
DA:88,104
DA:89,104
DA:90,104
DA:91,104
DA:92,104
DA:97,49
DA:98,46
DA:99,35
DA:101,11
DA:103,3
DA:108,113
DA:116,98
DA:123,98
DA:130,3
DA:145,41
DA:148,41
DA:149,41
DA:150,39
DA:154,2
DA:155,2
DA:156,1
DA:160,1
DA:161,1
DA:163,1
DA:172,150
DA:173,121
DA:174,121
DA:175,120
DA:176,120
DA:187,10
DA:188,1
DA:191,10
DA:192,10
DA:195,100
DA:197,10
DA:199,10
DA:200,49
DA:201,49
DA:203,36
DA:204,36
DA:205,36
DA:206,360
DA:209,36
DA:210,36
DA:211,36
DA:212,36
DA:213,36
DA:214,36
DA:215,36
DA:216,36
DA:217,36
DA:218,36
DA:219,36
DA:221,36
DA:236,0
DA:240,10
DA:249,51
DA:250,51
DA:251,51
DA:253,51
DA:254,4273
DA:255,4273
DA:256,6
DA:257,2
DA:258,2
DA:260,4
DA:262,4267
DA:263,423
DA:264,423
DA:266,3844
DA:269,51
DA:270,51
DA:274,3
DA:275,3
LF:82
LH:81
BRDA:97,0,0,46
BRDA:97,0,1,3
BRDA:98,1,0,35
BRDA:98,1,1,11
BRDA:124,2,0,98
BRDA:124,2,1,56
BRDA:124,2,2,1
BRDA:149,3,0,39
BRDA:149,3,1,2
BRDA:155,4,0,1
BRDA:155,4,1,1
BRDA:161,5,0,0
BRDA:161,5,1,1
BRDA:172,6,0,29
BRDA:172,6,1,121
BRDA:174,7,0,1
BRDA:174,7,1,120
BRDA:174,8,0,121
BRDA:174,8,1,121
BRDA:176,9,0,0
BRDA:176,9,1,120
BRDA:187,10,0,1
BRDA:187,10,1,9
BRDA:192,11,0,0
BRDA:192,11,1,10
BRDA:201,12,0,13
BRDA:201,12,1,36
BRDA:206,13,0,360
BRDA:206,13,1,0
BRDA:210,14,0,36
BRDA:210,14,1,0
BRDA:211,15,0,36
BRDA:211,15,1,0
BRDA:212,16,0,36
BRDA:212,16,1,0
BRDA:213,17,0,36
BRDA:213,17,1,27
BRDA:213,18,0,36
BRDA:213,18,1,27
BRDA:215,19,0,36
BRDA:215,19,1,0
BRDA:216,20,0,36
BRDA:216,20,1,0
BRDA:218,21,0,0
BRDA:218,21,1,36
BRDA:219,22,0,36
BRDA:219,22,1,0
BRDA:224,23,0,36
BRDA:224,23,1,0
BRDA:255,24,0,6
BRDA:255,24,1,4267
BRDA:256,25,0,2
BRDA:256,25,1,4
BRDA:256,26,0,6
BRDA:256,26,1,4
BRDA:262,27,0,423
BRDA:262,27,1,3844
BRDA:262,28,0,4267
BRDA:262,28,1,424
BRDA:274,29,0,3
BRDA:274,29,1,0
BRDA:274,30,0,3
BRDA:274,30,1,3
BRF:63
BRH:50
end_of_record
